<?xml version="1.0" encoding="UTF-8"?>
<!-- Generated by org.testng.reporters.JUnitReportReporter -->
<testsuite hostname="Pankaj" failures="0" tests="1" name="github.Repo" time="0.016" errors="0" timestamp="2023-04-13T21:31:21 IST" skipped="0">
  <testcase classname="github.Repo" name="demo" time="0.016"/>
  <system-out/>
</testsuite> <!-- github.Repo -->
